0 silly argv { _: [ 'version' ], lernaVersion: '4.0.0', '$0': 'lerna' }
1 notice cli v4.0.0
2 verbose rootPath /Users/liujunting/my_code/test-lerna
3 info versioning independent
4 silly isAnythingCommitted
5 verbose isAnythingCommitted 1
6 silly getCurrentBranch
7 verbose currentBranch master
8 silly remoteBranchExists
9 silly isBehindUpstream
10 silly isBehindUpstream master is behind origin/master by 0 commit(s) and ahead by 0
11 silly hasTags
12 verbose hasTags true
13 silly git-describe.sync "common-util@0.0.1-1-g675a2d9" => {"lastTagName":"common-util@0.0.1","lastVersion":"0.0.1","refCount":"1","sha":"675a2d9","isDirty":false}
14 info Looking for changed packages since common-util@0.0.1
15 silly checking diff packages/common-util
16 silly found diff in packages/common-util/package.json
17 verbose filtered diff [ 'packages/common-util/package.json' ]
18 silly checking diff packages/pck-1
19 silly found diff in packages/pck-1/package.json
20 verbose filtered diff [ 'packages/pck-1/package.json' ]
21 silly checking diff packages/pck-2
22 silly found diff in packages/pck-2/package.json
23 verbose filtered diff [ 'packages/pck-2/package.json' ]
24 verbose updated common-util
25 verbose updated pck-1
26 verbose updated pck-2
27 verbose git-describe undefined => "common-util@0.0.1-1-g675a2d9"
28 silly git-describe parsed => {"lastTagName":"common-util@0.0.1","lastVersion":"0.0.1","refCount":"1","sha":"675a2d9","isDirty":false}
29 silly independent for common-util at /Users/liujunting/my_code/test-lerna/packages/common-util
30 verbose getChangelogConfig using preset "conventional-changelog-angular"
31 silly npa Result {
31 silly npa   type: 'tag',
31 silly npa   registry: true,
31 silly npa   where: undefined,
31 silly npa   raw: 'conventional-changelog-angular',
31 silly npa   name: 'conventional-changelog-angular',
31 silly npa   escapedName: 'conventional-changelog-angular',
31 silly npa   scope: undefined,
31 silly npa   rawSpec: '',
31 silly npa   saveSpec: null,
31 silly npa   fetchSpec: 'latest',
31 silly npa   gitRange: undefined,
31 silly npa   gitCommittish: undefined,
31 silly npa   hosted: undefined }
32 verbose getChangelogConfig Attempting to resolve preset "conventional-changelog-angular"
33 info getChangelogConfig Successfully resolved preset "conventional-changelog-angular"
34 verbose independent increment 0.0.1 by minor
35 silly independent for pck-1 at /Users/liujunting/my_code/test-lerna/packages/pck-1
36 verbose independent increment 0.0.1 by minor
37 silly independent for pck-2 at /Users/liujunting/my_code/test-lerna/packages/pck-2
38 verbose independent increment 0.0.1 by minor
39 info execute Skipping releases
40 silly lifecycle No script for "preversion" in "root", continuing
41 silly lifecycle No script for "preversion" in "common-util", continuing
42 silly lifecycle No script for "version" in "common-util", continuing
43 silly independent for common-util at /Users/liujunting/my_code/test-lerna/packages/common-util
44 silly independent writing new entry: "# [0.1.0](https://github.com/Junting-Liu/test-lerna/compare/common-util@0.0.1...common-util@0.1.0) (2021-05-25)\n\n\n### Features\n\n* changelog ([675a2d9](https://github.com/Junting-Liu/test-lerna/commit/675a2d9581497d01cae4dadaad5723179a89c318))\n\n\n\n"
45 verbose independent wrote /Users/liujunting/my_code/test-lerna/packages/common-util/CHANGELOG.md
46 silly lifecycle No script for "preversion" in "pck-1", continuing
47 silly lifecycle No script for "preversion" in "pck-2", continuing
48 silly lifecycle No script for "version" in "pck-1", continuing
49 silly independent for pck-1 at /Users/liujunting/my_code/test-lerna/packages/pck-1
50 silly lifecycle No script for "version" in "pck-2", continuing
51 silly independent for pck-2 at /Users/liujunting/my_code/test-lerna/packages/pck-2
52 silly independent writing new entry: "# [0.1.0](https://github.com/Junting-Liu/test-lerna/compare/pck-1@0.0.1...pck-1@0.1.0) (2021-05-25)\n\n\n### Features\n\n* changelog ([675a2d9](https://github.com/Junting-Liu/test-lerna/commit/675a2d9581497d01cae4dadaad5723179a89c318))\n\n\n\n"
53 silly independent writing new entry: "# [0.1.0](https://github.com/Junting-Liu/test-lerna/compare/pck-2@0.0.1...pck-2@0.1.0) (2021-05-25)\n\n\n### Features\n\n* changelog ([675a2d9](https://github.com/Junting-Liu/test-lerna/commit/675a2d9581497d01cae4dadaad5723179a89c318))\n\n\n\n"
54 verbose independent wrote /Users/liujunting/my_code/test-lerna/packages/pck-1/CHANGELOG.md
55 verbose independent wrote /Users/liujunting/my_code/test-lerna/packages/pck-2/CHANGELOG.md
56 silly lifecycle No script for "version" in "root", continuing
57 silly gitAdd [ 'packages/common-util/package.json',
57 silly gitAdd   'packages/common-util/CHANGELOG.md',
57 silly gitAdd   'packages/pck-1/package.json',
57 silly gitAdd   'packages/pck-2/package.json',
57 silly gitAdd   'packages/pck-1/CHANGELOG.md',
57 silly gitAdd   'packages/pck-2/CHANGELOG.md' ]
58 silly gitCommit Publish
58 silly gitCommit
58 silly gitCommit  - common-util@0.1.0
58 silly gitCommit  - pck-1@0.1.0
58 silly gitCommit  - pck-2@0.1.0
59 verbose git [ 'commit',
59 verbose git   '-F',
59 verbose git   '/private/var/folders/f4/78d63p8j7b3_mbln_p4kz6gc0000gn/T/68bdc667-5fb5-4a84-9f2f-5afd057f4a2d/lerna-commit.txt' ]
60 silly gitTag common-util@0.1.0
61 verbose git [ 'tag', 'common-util@0.1.0', '-m', 'common-util@0.1.0' ]
62 silly gitTag pck-1@0.1.0
63 verbose git [ 'tag', 'pck-1@0.1.0', '-m', 'pck-1@0.1.0' ]
64 silly gitTag pck-2@0.1.0
65 verbose git [ 'tag', 'pck-2@0.1.0', '-m', 'pck-2@0.1.0' ]
66 silly lifecycle No script for "postversion" in "common-util", continuing
67 silly lifecycle No script for "postversion" in "pck-1", continuing
68 silly lifecycle No script for "postversion" in "pck-2", continuing
69 silly lifecycle No script for "postversion" in "root", continuing
70 info git Pushing tags...
71 silly gitPush origin master
72 error Error: Command failed with exit code 128: git push --follow-tags --no-verify --atomic origin master
72 error fatal: unable to access 'https://github.com/Junting-Liu/test-lerna.git/': LibreSSL SSL_connect: SSL_ERROR_SYSCALL in connection to github.com:443
72 error     at makeError (/Users/liujunting/.nvm/versions/node/v10.16.0/lib/node_modules/lerna/node_modules/execa/lib/error.js:59:11)
72 error     at handlePromise (/Users/liujunting/.nvm/versions/node/v10.16.0/lib/node_modules/lerna/node_modules/execa/index.js:114:26)
